[INFO  - 2016-10-28T17:06:49.984Z] GhostDriver - Main - running on port 11301
[INFO  - 2016-10-28T17:06:50.340Z] Session [eab8f600-9d30-11e6-93dc-615546f7606b] - page.settings - {"XSSAuditingEnabled":false,"javascriptCanCloseWindows":true,"javascriptCanOpenWindows":true,"javascriptEnabled":true,"loadImages":true,"localToRemoteUrlAccessEnabled":false,"userAgent":"Mozilla/5.0 (Unknown; Linux x86_64) AppleWebKit/538.1 (KHTML, like Gecko) PhantomJS/2.1.1 Safari/538.1","webSecurityEnabled":true}
[INFO  - 2016-10-28T17:06:50.340Z] Session [eab8f600-9d30-11e6-93dc-615546f7606b] - page.customHeaders:  - {}
[INFO  - 2016-10-28T17:06:50.340Z] Session [eab8f600-9d30-11e6-93dc-615546f7606b] - Session.negotiatedCapabilities - {"browserName":"phantomjs","version":"2.1.1","driverName":"ghostdriver","driverVersion":"1.2.0","platform":"linux-unknown-64bit","javascriptEnabled":true,"takesScreenshot":true,"handlesAlerts":false,"databaseEnabled":false,"locationContextEnabled":false,"applicationCacheEnabled":false,"browserConnectionEnabled":false,"cssSelectorsEnabled":true,"webStorageEnabled":false,"rotatable":false,"acceptSslCerts":false,"nativeEvents":true,"proxy":{"proxyType":"direct"}}
[INFO  - 2016-10-28T17:06:50.340Z] SessionManagerReqHand - _postNewSessionCommand - New Session Created: eab8f600-9d30-11e6-93dc-615546f7606b
[INFO  - 2016-10-28T17:07:21.126Z] ShutdownReqHand - _handle - About to shutdown
[INFO  - 2016-10-28T17:35:31.481Z] GhostDriver - Main - running on port 5241
[INFO  - 2016-10-28T17:35:31.540Z] Session [eca315f0-9d34-11e6-b9f1-892549562337] - page.settings - {"XSSAuditingEnabled":false,"javascriptCanCloseWindows":true,"javascriptCanOpenWindows":true,"javascriptEnabled":true,"loadImages":true,"localToRemoteUrlAccessEnabled":false,"userAgent":"Mozilla/5.0 (Unknown; Linux x86_64) AppleWebKit/538.1 (KHTML, like Gecko) PhantomJS/2.1.1 Safari/538.1","webSecurityEnabled":true}
[INFO  - 2016-10-28T17:35:31.540Z] Session [eca315f0-9d34-11e6-b9f1-892549562337] - page.customHeaders:  - {}
[INFO  - 2016-10-28T17:35:31.540Z] Session [eca315f0-9d34-11e6-b9f1-892549562337] - Session.negotiatedCapabilities - {"browserName":"phantomjs","version":"2.1.1","driverName":"ghostdriver","driverVersion":"1.2.0","platform":"linux-unknown-64bit","javascriptEnabled":true,"takesScreenshot":true,"handlesAlerts":false,"databaseEnabled":false,"locationContextEnabled":false,"applicationCacheEnabled":false,"browserConnectionEnabled":false,"cssSelectorsEnabled":true,"webStorageEnabled":false,"rotatable":false,"acceptSslCerts":false,"nativeEvents":true,"proxy":{"proxyType":"direct"}}
[INFO  - 2016-10-28T17:35:31.541Z] SessionManagerReqHand - _postNewSessionCommand - New Session Created: eca315f0-9d34-11e6-b9f1-892549562337
[INFO  - 2016-10-28T17:35:43.048Z] ShutdownReqHand - _handle - About to shutdown
[INFO  - 2016-10-28T18:00:24.452Z] GhostDriver - Main - running on port 13625
[INFO  - 2016-10-28T18:00:24.514Z] Session [6684fde0-9d38-11e6-b34c-0335b72d72cf] - page.settings - {"XSSAuditingEnabled":false,"javascriptCanCloseWindows":true,"javascriptCanOpenWindows":true,"javascriptEnabled":true,"loadImages":true,"localToRemoteUrlAccessEnabled":false,"userAgent":"Mozilla/5.0 (Unknown; Linux x86_64) AppleWebKit/538.1 (KHTML, like Gecko) PhantomJS/2.1.1 Safari/538.1","webSecurityEnabled":true}
[INFO  - 2016-10-28T18:00:24.514Z] Session [6684fde0-9d38-11e6-b34c-0335b72d72cf] - page.customHeaders:  - {}
[INFO  - 2016-10-28T18:00:24.515Z] Session [6684fde0-9d38-11e6-b34c-0335b72d72cf] - Session.negotiatedCapabilities - {"browserName":"phantomjs","version":"2.1.1","driverName":"ghostdriver","driverVersion":"1.2.0","platform":"linux-unknown-64bit","javascriptEnabled":true,"takesScreenshot":true,"handlesAlerts":false,"databaseEnabled":false,"locationContextEnabled":false,"applicationCacheEnabled":false,"browserConnectionEnabled":false,"cssSelectorsEnabled":true,"webStorageEnabled":false,"rotatable":false,"acceptSslCerts":false,"nativeEvents":true,"proxy":{"proxyType":"direct"}}
[INFO  - 2016-10-28T18:00:24.515Z] SessionManagerReqHand - _postNewSessionCommand - New Session Created: 6684fde0-9d38-11e6-b34c-0335b72d72cf
[INFO  - 2016-10-28T18:00:35.940Z] ShutdownReqHand - _handle - About to shutdown
[INFO  - 2016-10-28T18:03:13.718Z] GhostDriver - Main - running on port 12692
[INFO  - 2016-10-28T18:03:13.785Z] Session [cb69d960-9d38-11e6-9bd2-27a03f076398] - page.settings - {"XSSAuditingEnabled":false,"javascriptCanCloseWindows":true,"javascriptCanOpenWindows":true,"javascriptEnabled":true,"loadImages":true,"localToRemoteUrlAccessEnabled":false,"userAgent":"Mozilla/5.0 (Unknown; Linux x86_64) AppleWebKit/538.1 (KHTML, like Gecko) PhantomJS/2.1.1 Safari/538.1","webSecurityEnabled":true}
[INFO  - 2016-10-28T18:03:13.785Z] Session [cb69d960-9d38-11e6-9bd2-27a03f076398] - page.customHeaders:  - {}
[INFO  - 2016-10-28T18:03:13.786Z] Session [cb69d960-9d38-11e6-9bd2-27a03f076398] - Session.negotiatedCapabilities - {"browserName":"phantomjs","version":"2.1.1","driverName":"ghostdriver","driverVersion":"1.2.0","platform":"linux-unknown-64bit","javascriptEnabled":true,"takesScreenshot":true,"handlesAlerts":false,"databaseEnabled":false,"locationContextEnabled":false,"applicationCacheEnabled":false,"browserConnectionEnabled":false,"cssSelectorsEnabled":true,"webStorageEnabled":false,"rotatable":false,"acceptSslCerts":false,"nativeEvents":true,"proxy":{"proxyType":"direct"}}
[INFO  - 2016-10-28T18:03:13.786Z] SessionManagerReqHand - _postNewSessionCommand - New Session Created: cb69d960-9d38-11e6-9bd2-27a03f076398
[INFO  - 2016-10-28T18:03:25.124Z] ShutdownReqHand - _handle - About to shutdown
[INFO  - 2016-10-28T18:12:52.766Z] GhostDriver - Main - running on port 19262
[INFO  - 2016-10-28T18:12:52.815Z] Session [248aa9b0-9d3a-11e6-a112-af56f87e3467] - page.settings - {"XSSAuditingEnabled":false,"javascriptCanCloseWindows":true,"javascriptCanOpenWindows":true,"javascriptEnabled":true,"loadImages":true,"localToRemoteUrlAccessEnabled":false,"userAgent":"Mozilla/5.0 (Unknown; Linux x86_64) AppleWebKit/538.1 (KHTML, like Gecko) PhantomJS/2.1.1 Safari/538.1","webSecurityEnabled":true}
[INFO  - 2016-10-28T18:12:52.815Z] Session [248aa9b0-9d3a-11e6-a112-af56f87e3467] - page.customHeaders:  - {}
[INFO  - 2016-10-28T18:12:52.815Z] Session [248aa9b0-9d3a-11e6-a112-af56f87e3467] - Session.negotiatedCapabilities - {"browserName":"phantomjs","version":"2.1.1","driverName":"ghostdriver","driverVersion":"1.2.0","platform":"linux-unknown-64bit","javascriptEnabled":true,"takesScreenshot":true,"handlesAlerts":false,"databaseEnabled":false,"locationContextEnabled":false,"applicationCacheEnabled":false,"browserConnectionEnabled":false,"cssSelectorsEnabled":true,"webStorageEnabled":false,"rotatable":false,"acceptSslCerts":false,"nativeEvents":true,"proxy":{"proxyType":"direct"}}
[INFO  - 2016-10-28T18:12:52.815Z] SessionManagerReqHand - _postNewSessionCommand - New Session Created: 248aa9b0-9d3a-11e6-a112-af56f87e3467
[INFO  - 2016-10-28T18:13:04.716Z] ShutdownReqHand - _handle - About to shutdown
[INFO  - 2016-10-28T18:16:11.178Z] GhostDriver - Main - running on port 29640
[INFO  - 2016-10-28T18:16:11.214Z] Session [9acbcb90-9d3a-11e6-82e0-a992fdb49f41] - page.settings - {"XSSAuditingEnabled":false,"javascriptCanCloseWindows":true,"javascriptCanOpenWindows":true,"javascriptEnabled":true,"loadImages":true,"localToRemoteUrlAccessEnabled":false,"userAgent":"Mozilla/5.0 (Unknown; Linux x86_64) AppleWebKit/538.1 (KHTML, like Gecko) PhantomJS/2.1.1 Safari/538.1","webSecurityEnabled":true}
[INFO  - 2016-10-28T18:16:11.215Z] Session [9acbcb90-9d3a-11e6-82e0-a992fdb49f41] - page.customHeaders:  - {}
[INFO  - 2016-10-28T18:16:11.216Z] Session [9acbcb90-9d3a-11e6-82e0-a992fdb49f41] - Session.negotiatedCapabilities - {"browserName":"phantomjs","version":"2.1.1","driverName":"ghostdriver","driverVersion":"1.2.0","platform":"linux-unknown-64bit","javascriptEnabled":true,"takesScreenshot":true,"handlesAlerts":false,"databaseEnabled":false,"locationContextEnabled":false,"applicationCacheEnabled":false,"browserConnectionEnabled":false,"cssSelectorsEnabled":true,"webStorageEnabled":false,"rotatable":false,"acceptSslCerts":false,"nativeEvents":true,"proxy":{"proxyType":"direct"}}
[INFO  - 2016-10-28T18:16:11.216Z] SessionManagerReqHand - _postNewSessionCommand - New Session Created: 9acbcb90-9d3a-11e6-82e0-a992fdb49f41
[INFO  - 2016-10-28T18:16:22.768Z] ShutdownReqHand - _handle - About to shutdown
